<?xml version="1.0" encoding="UTF-8"?>
<testng-results skipped="0" failed="0" total="1" passed="1">
  <reporter-output>
  </reporter-output>
  <suite name="Default suite" duration-ms="29" started-at="2017-08-21T07:30:14Z" finished-at="2017-08-21T07:30:14Z">
    <groups>
    </groups>
    <test name="Default test" duration-ms="29" started-at="2017-08-21T07:30:14Z" finished-at="2017-08-21T07:30:14Z">
      <class name="com.example.example.ExampleTestNg">
        <test-method status="PASS" signature="test()[pri:0, instance:com.example.example.ExampleTestNg@3c09711b]" name="test" duration-ms="11" started-at="2017-08-21T13:00:14Z" finished-at="2017-08-21T13:00:14Z">
          <reporter-output>
          </reporter-output>
        </test-method> <!-- test -->
      </class> <!-- com.example.example.ExampleTestNg -->
    </test> <!-- Default test -->
  </suite> <!-- Default suite -->
</testng-results>
